1 integer function fi(integer x, integer y)
2 
3 {
4 declare integer z;
5 z= x*(x+y);
6 return z; 
7 }; 
8 string function fs (string a, string b)
9 {
10 declare string с;
11 declare string function substr(string a, integer p,
12 integer n);
13 c = substr(a, 1,3)+ b;
14 return c; 
15 }; 
16 main
17 {
18 declare integer x;
19 declare integer y;
20 declare integer z;
21 declare string sa;
22 declare string sb;
23 declare string sc;
24 declare integer function strlen(string p);
25 x = 1;
26 y = 5;
27 sa = '1234567890';
28 sb = '1234567890'; 
29 z = fi(x,y);
30 sc = fs(sa,sb);
31 print 'контрольный    пример';
32 print z;
33 4
34 print sc;
35 print strlen(sc);
36 return 0;
37 };